
inputs cat_name=Hotel rating=1 p1=1 cursine=Chinese 

 sqlSELECT information.name AS info_name, Hotel.*,information.* FROM information inner join Hotel on information.id= Hotel.info_id WHERE information.rating like '%1%'  OR Hotel.cuisine like '%Chinese%'  AND  1 BETWEEN Hotel.price_high AND Hotel.price_low AND   100 BETWEEN Hotel.price_high AND Hotel.price_low   GROUP BY information.name  

inputs cat_name=Hotel rating=1 p1=1 cursine=Chinese 

 sqlSELECT information.name AS info_name, Hotel.*,information.* FROM information inner join Hotel on information.id= Hotel.info_id WHERE information.rating like '%1%'  OR Hotel.cuisine like '%Chinese%'  AND  1 BETWEEN Hotel.price_high AND Hotel.price_low AND   100 BETWEEN Hotel.price_high AND Hotel.price_low   GROUP BY information.name  

inputs cat_name=Hotel rating=1 p1=1 cursine=Chinese 

 sqlSELECT information.name AS info_name, Hotel.*,information.* FROM information inner join Hotel on information.id= Hotel.info_id WHERE information.rating like '%1%'  OR Hotel.cuisine like '%Chinese%'  AND  1 BETWEEN Hotel.price_high AND Hotel.price_low AND   100 BETWEEN Hotel.price_high AND Hotel.price_low   GROUP BY information.name  

 OK   

 Roll  0 

inputs cat_name=Hotel rating=1 p1=1 cursine=Chinese 

 sqlSELECT information.name AS info_name, Hotel.*,information.* FROM information inner join Hotel on information.id= Hotel.info_id WHERE information.rating like '%1%'  OR Hotel.cuisine like '%Chinese%'  AND  1 BETWEEN Hotel.price_high AND Hotel.price_low AND   100 BETWEEN Hotel.price_high AND Hotel.price_low   GROUP BY information.name  

 Roll  0 

inputs cat_name=Hotel rating=2 p1=1 cursine=Chinese 

 sqlSELECT information.name AS info_name, Hotel.*,information.* FROM information inner join Hotel on information.id= Hotel.info_id WHERE information.rating like '%2%'  OR Hotel.cuisine like '%Chinese%'  AND  1 BETWEEN Hotel.price_high AND Hotel.price_low AND   100 BETWEEN Hotel.price_high AND Hotel.price_low   GROUP BY information.name  

 Roll  1 

 data exist 

inputs cat_name=Aster Hotel rating=No.47/48 Mandalay Lashio Rd POL p1=09253614647 

inputs cat_name=Hotel rating=2 p1=1 cursine=Chinese 

 sqlSELECT information.name AS info_name, Hotel.*,information.* FROM information inner join Hotel on information.id= Hotel.info_id WHERE information.rating like '%2%'  OR Hotel.cuisine like '%Chinese%'  AND  1 BETWEEN Hotel.price_high AND Hotel.price_low AND   100 BETWEEN Hotel.price_high AND Hotel.price_low   GROUP BY information.name  

 Roll  1 

 data exist 

inputs cat_name=Aster Hotel rating=No.47/48 Mandalay Lashio Rd POL p1=09253614647 

inputs cat_name=Hotel rating=2 p1=1 cursine=Chinese 

 sqlSELECT information.name AS info_name, Hotel.*,information.* FROM information inner join Hotel on information.id= Hotel.info_id WHERE information.rating like '%2%'  OR Hotel.cuisine like '%Chinese%'  AND  1 BETWEEN Hotel.price_high AND Hotel.price_low AND   100 BETWEEN Hotel.price_high AND Hotel.price_low   GROUP BY information.name  

 Roll  1 

 data exist 

inputs cat_name=Aster Hotel rating=No.47/48 Mandalay Lashio Rd POL p1=09253614647 

inputs cat_name=Hotel rating=2 p1=1 cursine=Chinese 

 sqlSELECT information.name AS info_name, Hotel.*,information.* FROM information inner join Hotel on information.id= Hotel.info_id WHERE information.rating like '%2%'  OR Hotel.cuisine like '%Chinese%'  AND  1 BETWEEN Hotel.price_high AND Hotel.price_low AND   100 BETWEEN Hotel.price_high AND Hotel.price_low   GROUP BY information.name  

 Roll  1 

 data exist 

inputs cat_name=Aster Hotel rating=No.47/48 Mandalay Lashio Rd POL p1=09253614647 

inputs cat_name=Hotel rating=2 p1=1 cursine=Chinese 

 sqlSELECT information.name AS info_name, Hotel.*,information.* FROM information inner join Hotel on information.id= Hotel.info_id WHERE information.rating like '%2%'  OR Hotel.cuisine like '%Chinese%'  AND  1 BETWEEN Hotel.price_high AND Hotel.price_low AND   100 BETWEEN Hotel.price_high AND Hotel.price_low   GROUP BY information.name  

 Roll  1 

 data exist 

inputs cat_name=Aster Hotel rating=No.47/48 Mandalay Lashio Rd POL p1=09253614647 

inputs cat_name=Hotel rating=3 p1=1 cursine=Chinese 

 sqlSELECT information.name AS info_name, Hotel.*,information.* FROM information inner join Hotel on information.id= Hotel.info_id WHERE information.rating like '%3%'  OR Hotel.cuisine like '%Chinese%'  AND  1 BETWEEN Hotel.price_high AND Hotel.price_low AND   100 BETWEEN Hotel.price_high AND Hotel.price_low   GROUP BY information.name  

 Roll  1 

 data exist 

inputs cat_name=pyin oo lwin rating=No4. shwe tg road p1=409511212 

inputs cat_name=Hotel rating=4 p1=1 cursine=Chinese 

 sqlSELECT information.name AS info_name, Hotel.*,information.* FROM information inner join Hotel on information.id= Hotel.info_id WHERE information.rating like '%4%'  OR Hotel.cuisine like '%Chinese%'  AND  1 BETWEEN Hotel.price_high AND Hotel.price_low AND   100 BETWEEN Hotel.price_high AND Hotel.price_low   GROUP BY information.name  

 Roll  0 

inputs cat_name=Hotel rating=5 p1=1 cursine=Chinese 

 sqlSELECT information.name AS info_name, Hotel.*,information.* FROM information inner join Hotel on information.id= Hotel.info_id WHERE information.rating like '%5%'  OR Hotel.cuisine like '%Chinese%'  AND  1 BETWEEN Hotel.price_high AND Hotel.price_low AND   100 BETWEEN Hotel.price_high AND Hotel.price_low   GROUP BY information.name  

 Roll  0 

inputs cat_name=Hotel rating=2 p1=1 cursine=Chinese 

 sqlSELECT information.name AS info_name, Hotel.*,information.* FROM information inner join Hotel on information.id= Hotel.info_id WHERE information.rating like '%2%'  OR Hotel.cuisine like '%Chinese%'  AND  1 BETWEEN Hotel.price_high AND Hotel.price_low AND   100 BETWEEN Hotel.price_high AND Hotel.price_low   GROUP BY information.name  

 Roll  1 

 data exist 

inputs cat_name=Aster Hotel rating=No.47/48 Mandalay Lashio Rd POL p1=09253614647 

inputs cat_name=Hotel rating=2 p1=1 cursine=Chinese 

 sqlSELECT information.name AS info_name, Hotel.*,information.* FROM information inner join Hotel on information.id= Hotel.info_id WHERE information.rating like '%2%'  OR Hotel.cuisine like '%Chinese%'  AND  1 BETWEEN Hotel.price_high AND Hotel.price_low AND   100 BETWEEN Hotel.price_high AND Hotel.price_low   GROUP BY information.name  

 Roll  1 

 data exist 

inputs cat_name=Aster Hotel rating=No.47/48 Mandalay Lashio Rd POL p1=09253614647 

inputs cat_name=Hotel rating=3 p1=1 cursine=Chinese 

 sqlSELECT information.name AS info_name, Hotel.*,information.* FROM information inner join Hotel on information.id= Hotel.info_id WHERE information.rating like '%3%'  OR Hotel.cuisine like '%Chinese%'  AND  1 BETWEEN Hotel.price_high AND Hotel.price_low AND   100 BETWEEN Hotel.price_high AND Hotel.price_low   GROUP BY information.name  

 Roll  1 

 data exist 

inputs cat_name=pyin oo lwin rating=No4. shwe tg road p1=409511212 

inputs cat_name=Hotel rating=3 p1=1 cursine=Chinese 

 sqlSELECT information.name AS info_name, Hotel.*,information.* FROM information inner join Hotel on information.id= Hotel.info_id WHERE information.rating like '%3%'  OR Hotel.cuisine like '%Chinese%'  AND  1 BETWEEN Hotel.price_high AND Hotel.price_low AND   100 BETWEEN Hotel.price_high AND Hotel.price_low   GROUP BY information.name  

 Roll  1 

 data exist 

inputs cat_name=pyin oo lwin rating=No4. shwe tg road p1=409511212 

inputs cat_name=Hotel rating=3 p1=1 cursine=Chinese 

 sqlSELECT information.name AS info_name, Hotel.*,information.* FROM information inner join Hotel on information.id= Hotel.info_id WHERE information.rating like '%3%'  OR Hotel.cuisine like '%Chinese%'  AND  1 BETWEEN Hotel.price_high AND Hotel.price_low AND   100 BETWEEN Hotel.price_high AND Hotel.price_low   GROUP BY information.name  

 Roll  1 

 data exist 

inputs cat_name=pyin oo lwin rating=No4. shwe tg road p1=409511212 

inputs cat_name=Hotel rating=3 p1=1 cursine=Chinese 

 sqlSELECT information.name AS info_name, Hotel.*,information.* FROM information inner join Hotel on information.id= Hotel.info_id WHERE information.rating like '%3%'  OR Hotel.cuisine like '%Chinese%'  AND  1 BETWEEN Hotel.price_high AND Hotel.price_low AND   100 BETWEEN Hotel.price_high AND Hotel.price_low   GROUP BY information.name  

 Roll  6 

 data exist 

inputs cat_name=Essential rating=Sandar Road p1=08521997 

inputs cat_name=Grace Hotel rating=Mandalay Lashio Road p1=08521669 

inputs cat_name=Orchid Nan Myaing rating=Mandalay Lashio Road p1=08523641 

inputs cat_name=pyin oo lwin rating=No4. shwe tg road p1=409511212 

inputs cat_name=Royal Park View rating=Mandalay Lashio Road p1=098601351 

inputs cat_name=Sakhan thar rating=Mandalay Lashio Road p1=08523094 
